





































total 872892
drwxr-xr-x  2 linux linux      4096 Oct  5 10:23 Desktop
drwxr-xr-x  3 linux linux      4096 Oct  3  2022 docktest
drwxr-xr-x  3 linux linux      4096 Oct  3 23:01 Documents
drwxr-xr-x  4 linux linux      4096 Oct  5 16:43 Downloads
-rwxr-xr-x  1 linux linux        46 Oct  5 15:04 eggs.sh
-rwxr-xr-x  1 linux linux        52 Oct  5 15:05 learn.sh
drwxr-xr-x  2 linux linux      4096 Oct  2 18:53 Music
drwxr-xr-x  3 linux linux      4096 Sep 25  2022 online
-rw-r--r--  1 linux linux 309445582 Oct  4 20:25 penguins-eggs-yadeggs01-2023-10-04_20.23.07.mp4
drwxr-xr-x  2 linux linux      4096 Oct  2 18:53 Pictures
-rwxr-xr-x  1 linux linux        61 Oct  5 15:07 producer.sh
drwxr-xr-x  2 linux linux      4096 Sep 20  2022 Public
drwxr-xr-x  2 linux linux      4096 Sep 20  2022 Templates
drwxr-xr-x  2 linux linux      4096 Oct  4 06:59 Videos
drwxr-xr-x  2 linux linux      4096 Sep 25  2022 wallpapers
drwxr-xr-x 10 linux linux      4096 Sep 21 14:45 Websites
-rw-r--r--  1 linux linux 584319478 Oct  4 22:44 yad-penguins-eggs-design01.mp4
total 872892
drwxr-xr-x  2 linux linux      4096 Oct  5 10:23 Desktop
drwxr-xr-x  3 linux linux      4096 Oct  3  2022 docktest
drwxr-xr-x  3 linux linux      4096 Oct  3 23:01 Documents
drwxr-xr-x  4 linux linux      4096 Oct  5 16:43 Downloads
-rwxr-xr-x  1 linux linux        46 Oct  5 15:04 eggs.sh
-rwxr-xr-x  1 linux linux        52 Oct  5 15:05 learn.sh
drwxr-xr-x  2 linux linux      4096 Oct  2 18:53 Music
drwxr-xr-x  3 linux linux      4096 Sep 25  2022 online
-rw-r--r--  1 linux linux 309445582 Oct  4 20:25 penguins-eggs-yadeggs01-2023-10-04_20.23.07.mp4
drwxr-xr-x  2 linux linux      4096 Oct  2 18:53 Pictures
-rwxr-xr-x  1 linux linux        61 Oct  5 15:07 producer.sh
drwxr-xr-x  2 linux linux      4096 Sep 20  2022 Public
drwxr-xr-x  2 linux linux      4096 Sep 20  2022 Templates
drwxr-xr-x  2 linux linux      4096 Oct  4 06:59 Videos
drwxr-xr-x  2 linux linux      4096 Sep 25  2022 wallpapers
drwxr-xr-x 10 linux linux      4096 Sep 21 14:45 Websites
-rw-r--r--  1 linux linux 584319478 Oct  4 22:44 yad-penguins-eggs-design01.mp4
