<html>
<head></head>
<body>

<center> <a href="file:///opt/yadeggs/producer/left-display.html" >LOAD PAGE</a>
<br>

<embed type="text/html" src="file:////opt/yadeggs/docs/eggs.html/" width="100%" height="1200px">
</embed>
</center>
</body>
</html><html>
<head></head>
<body>

<center> <a href="file:///opt/yadeggs/producer/left-display.html" >LOAD PAGE</a>
<br>

<embed type="text/html" src="file:////opt/yadeggs/docs/eggs.html/" width="100%" height="1200px">
</embed>
</center>
</body>
</html><html>
<head></head>
<body>

<center> <a href="file:///opt/yadeggs/producer/left-display.html" >LOAD PAGE</a>
<br>

<embed type="text/html" src="file:////opt/yadeggs/docs/eggs.html/" width="100%" height="1200px">
</embed>
</center>
</body>
</html><html>
<head></head>
<body>

<center> <a href="file:///opt/yadeggs/producer/left-display.html" >LOAD PAGE</a>
<br>

<embed type="text/html" src="file:////opt/yadeggs/docs/eggs.html/" width="100%" height="1200px">
</embed>
</center>
</body>
</html><html>
<head></head>
<body>

<center> <a href="file:///opt/yadeggs/producer/left-display.html" >LOAD PAGE</a>
<br>

<embed type="text/html" src="file:////opt/yadeggs/docs/eggs.html/" width="100%" height="1200px">
</embed>
</center>
</body>
</html><html>
<head></head>
<body>

<center> <a href="file:///opt/yadeggs/producer/left-display.html" >LOAD PAGE</a>
<br>

<embed type="text/html" src="file:////opt/yadeggs/docs/eggs.html/" width="100%" height="1200px">
</embed>
</center>
</body>
</html><html>
<head></head>
<body>

<center> <a href="file:///opt/yadeggs/producer/left-display.html" >LOAD PAGE</a>
<br>

<embed type="text/html" src="file:////opt/yadeggs/docs/eggs.html/" width="100%" height="1200px">
</embed>
</center>
</body>
</html><html>
<head></head>
<body>

<center> <a href="file:///opt/yadeggs/producer/left-display.html" >LOAD PAGE</a>
<br>

<embed type="text/html" src="file:////opt/yadeggs/docs/eggs.html/" width="100%" height="1200px">
</embed>
</center>
</body>
</html><html>
<head></head>
<body>

<center> <a href="file:///opt/yadeggs/producer/left-display.html" >LOAD PAGE</a>
<br>

<embed type="text/html" src="file:////opt/yadeggs/docs/eggs.html/" width="100%" height="1200px">
</embed>
</center>
</body>
</html><html>
<head></head>
<body>

<center> <a href="file:///opt/yadeggs/producer/left-display.html" >LOAD PAGE</a>
<br>

<embed type="text/html" src="file:////opt/yadeggs/docs/eggs.html/" width="100%" height="1200px">
</embed>
</center>
</body>
</html>